[2024-06-27T15:16:01.235Z] -- Beginning test
[2024-06-27T15:16:01.236Z] -- Testing refill period for QgDSlrALz1lH1bzkBEVkr4LNLlKbqcLd4TXBx6QJ
[2024-06-27T15:16:01.236Z] -- Counting 10 refill periods
[2024-06-27T15:16:01.237Z] -- Waiting 15000ms between requests
[2024-06-27T15:16:01.237Z] -- Depleting by 1 initially
[2024-06-27T15:16:01.237Z] -- Depleting by 1...
[2024-06-27T15:16:03.837Z] -- Depleting by 1...
[2024-06-27T15:16:04.214Z] -- Remaining: 4833
[2024-06-27T15:16:19.216Z] -- Depleting by 1...
[2024-06-27T15:16:19.571Z] -- Remaining: 4832
[2024-06-27T15:16:34.579Z] -- Depleting by 1...
[2024-06-27T15:16:34.939Z] -- Remaining: 4831
[2024-06-27T15:16:49.955Z] -- Depleting by 1...
[2024-06-27T15:16:50.301Z] -- Remaining: 4830
[2024-06-27T15:17:05.316Z] -- Depleting by 1...
[2024-06-27T15:17:05.705Z] -- Remaining: 4829
[2024-06-27T15:17:20.721Z] -- Depleting by 1...
[2024-06-27T15:17:21.090Z] -- Remaining: 4828
[2024-06-27T15:17:36.105Z] -- Depleting by 1...
[2024-06-27T15:17:36.486Z] -- Remaining: 4827
[2024-06-27T15:17:51.497Z] -- Depleting by 1...
[2024-06-27T15:17:51.836Z] -- Remaining: 4826
[2024-06-27T15:18:06.851Z] -- Depleting by 1...
[2024-06-27T15:18:07.181Z] -- Remaining: 4826
[2024-06-27T15:18:07.181Z] -- Token replenish detected!
[2024-06-27T15:18:22.196Z] -- Depleting by 1...
[2024-06-27T15:18:22.529Z] -- Remaining: 4825
[2024-06-27T15:18:37.543Z] -- Depleting by 1...
[2024-06-27T15:18:37.862Z] -- Remaining: 4824
[2024-06-27T15:18:52.877Z] -- Depleting by 1...
[2024-06-27T15:18:53.228Z] -- Remaining: 4823
[2024-06-27T15:19:08.244Z] -- Depleting by 1...
[2024-06-27T15:19:08.615Z] -- Remaining: 4822
[2024-06-27T15:19:23.630Z] -- Depleting by 1...
[2024-06-27T15:19:24.013Z] -- Remaining: 4821
[2024-06-27T15:19:39.028Z] -- Depleting by 1...
[2024-06-27T15:19:39.366Z] -- Remaining: 4820
[2024-06-27T15:19:54.382Z] -- Depleting by 1...
[2024-06-27T15:19:54.741Z] -- Remaining: 4819
[2024-06-27T15:20:09.757Z] -- Depleting by 1...
[2024-06-27T15:20:10.124Z] -- Remaining: 4818
[2024-06-27T15:20:25.140Z] -- Depleting by 1...
[2024-06-27T15:20:25.479Z] -- Remaining: 4817
[2024-06-27T15:20:40.495Z] -- Depleting by 1...
[2024-06-27T15:20:40.871Z] -- Remaining: 4816
[2024-06-27T15:20:55.886Z] -- Depleting by 1...
[2024-06-27T15:20:56.243Z] -- Remaining: 4815
[2024-06-27T15:21:11.258Z] -- Depleting by 1...
[2024-06-27T15:21:11.624Z] -- Remaining: 4814
[2024-06-27T15:21:26.640Z] -- Depleting by 1...
[2024-06-27T15:21:27.000Z] -- Remaining: 4813
[2024-06-27T15:21:42.016Z] -- Depleting by 1...
[2024-06-27T15:21:42.359Z] -- Remaining: 4812
[2024-06-27T15:21:57.374Z] -- Depleting by 1...
[2024-06-27T15:21:57.739Z] -- Remaining: 4811
[2024-06-27T15:22:12.755Z] -- Depleting by 1...
[2024-06-27T15:22:13.125Z] -- Remaining: 4811
[2024-06-27T15:22:13.125Z] -- Token replenish detected!
[2024-06-27T15:22:13.126Z] -- Average refill period: 245944ms
[2024-06-27T15:22:28.127Z] -- Depleting by 1...
[2024-06-27T15:22:28.521Z] -- Remaining: 4810
[2024-06-27T15:22:43.536Z] -- Depleting by 1...
[2024-06-27T15:22:43.895Z] -- Remaining: 4809
[2024-06-27T15:22:58.910Z] -- Depleting by 1...
[2024-06-27T15:22:59.289Z] -- Remaining: 4808
[2024-06-27T15:23:14.297Z] -- Depleting by 1...
[2024-06-27T15:23:14.655Z] -- Remaining: 4807
[2024-06-27T15:23:29.671Z] -- Depleting by 1...
[2024-06-27T15:23:30.036Z] -- Remaining: 4806
[2024-06-27T15:23:45.051Z] -- Depleting by 1...
[2024-06-27T15:23:45.403Z] -- Remaining: 4805
[2024-06-27T15:24:00.419Z] -- Depleting by 1...
[2024-06-27T15:24:00.758Z] -- Remaining: 4804
[2024-06-27T15:24:15.772Z] -- Depleting by 1...
[2024-06-27T15:24:16.167Z] -- Remaining: 4803
[2024-06-27T15:24:31.182Z] -- Depleting by 1...
[2024-06-27T15:24:31.568Z] -- Remaining: 4802
[2024-06-27T15:24:46.577Z] -- Depleting by 1...
[2024-06-27T15:24:46.925Z] -- Remaining: 4801
[2024-06-27T15:25:01.930Z] -- Depleting by 1...
[2024-06-27T15:25:02.291Z] -- Remaining: 4800
[2024-06-27T15:25:17.297Z] -- Depleting by 1...
[2024-06-27T15:25:17.646Z] -- Remaining: 4799
[2024-06-27T15:25:32.662Z] -- Depleting by 1...
[2024-06-27T15:25:33.012Z] -- Remaining: 4798
[2024-06-27T15:25:48.027Z] -- Depleting by 1...
[2024-06-27T15:25:48.373Z] -- Remaining: 4797
[2024-06-27T15:26:03.388Z] -- Depleting by 1...
[2024-06-27T15:26:03.733Z] -- Remaining: 4796
[2024-06-27T15:26:18.749Z] -- Depleting by 1...
[2024-06-27T15:26:19.113Z] -- Remaining: 4796
[2024-06-27T15:26:19.113Z] -- Token replenish detected!
[2024-06-27T15:26:19.113Z] -- Average refill period: 245966ms
[2024-06-27T15:26:34.128Z] -- Depleting by 1...
[2024-06-27T15:26:34.483Z] -- Remaining: 4795
[2024-06-27T15:26:49.499Z] -- Depleting by 1...
[2024-06-27T15:26:49.864Z] -- Remaining: 4794
[2024-06-27T15:27:04.879Z] -- Depleting by 1...
[2024-06-27T15:27:05.263Z] -- Remaining: 4793
[2024-06-27T15:27:20.279Z] -- Depleting by 1...
[2024-06-27T15:27:20.677Z] -- Remaining: 4792
[2024-06-27T15:27:35.686Z] -- Depleting by 1...
[2024-06-27T15:27:36.025Z] -- Remaining: 4791
[2024-06-27T15:27:51.037Z] -- Depleting by 1...
[2024-06-27T15:27:51.424Z] -- Remaining: 4790
[2024-06-27T15:28:06.438Z] -- Depleting by 1...
[2024-06-27T15:28:06.769Z] -- Remaining: 4789
[2024-06-27T15:28:21.785Z] -- Depleting by 1...
[2024-06-27T15:28:22.160Z] -- Remaining: 4788
[2024-06-27T15:28:37.167Z] -- Depleting by 1...
[2024-06-27T15:28:37.540Z] -- Remaining: 4787
[2024-06-27T15:28:52.554Z] -- Depleting by 1...
[2024-06-27T15:28:52.900Z] -- Remaining: 4786
[2024-06-27T15:29:07.907Z] -- Depleting by 1...
[2024-06-27T15:29:08.246Z] -- Remaining: 4785
[2024-06-27T15:29:23.262Z] -- Depleting by 1...
[2024-06-27T15:29:23.637Z] -- Remaining: 4784
[2024-06-27T15:29:38.647Z] -- Depleting by 1...
[2024-06-27T15:29:39.011Z] -- Remaining: 4783
[2024-06-27T15:29:54.017Z] -- Depleting by 1...
[2024-06-27T15:29:54.379Z] -- Remaining: 4782
[2024-06-27T15:30:09.395Z] -- Depleting by 1...
[2024-06-27T15:30:09.740Z] -- Remaining: 4782
[2024-06-27T15:30:09.740Z] -- Token replenish detected!
[2024-06-27T15:30:09.740Z] -- Average refill period: 240853ms
[2024-06-27T15:30:24.756Z] -- Depleting by 1...
[2024-06-27T15:30:25.120Z] -- Remaining: 4781
[2024-06-27T15:30:40.127Z] -- Depleting by 1...
[2024-06-27T15:30:40.473Z] -- Remaining: 4780
[2024-06-27T15:30:55.489Z] -- Depleting by 1...
[2024-06-27T15:30:55.834Z] -- Remaining: 4779
[2024-06-27T15:31:10.849Z] -- Depleting by 1...
[2024-06-27T15:31:13.417Z] -- Remaining: 4778
[2024-06-27T15:31:28.431Z] -- Depleting by 1...
[2024-06-27T15:31:28.820Z] -- Remaining: 4777
[2024-06-27T15:31:43.835Z] -- Depleting by 1...
[2024-06-27T15:31:44.181Z] -- Remaining: 4776
[2024-06-27T15:31:59.197Z] -- Depleting by 1...
[2024-06-27T15:31:59.537Z] -- Remaining: 4775
[2024-06-27T15:32:14.553Z] -- Depleting by 1...
[2024-06-27T15:32:14.939Z] -- Remaining: 4774
[2024-06-27T15:32:29.954Z] -- Depleting by 1...
[2024-06-27T15:32:30.353Z] -- Remaining: 4773
[2024-06-27T15:32:45.369Z] -- Depleting by 1...
[2024-06-27T15:32:45.727Z] -- Remaining: 4772
[2024-06-27T15:33:00.737Z] -- Depleting by 1...
[2024-06-27T15:33:01.069Z] -- Remaining: 4771
[2024-06-27T15:33:16.085Z] -- Depleting by 1...
[2024-06-27T15:33:16.451Z] -- Remaining: 4770
[2024-06-27T15:33:31.465Z] -- Depleting by 1...
[2024-06-27T15:33:31.808Z] -- Remaining: 4769
[2024-06-27T15:33:46.824Z] -- Depleting by 1...
[2024-06-27T15:33:47.178Z] -- Remaining: 4768
[2024-06-27T15:34:02.193Z] -- Depleting by 1...
[2024-06-27T15:34:02.540Z] -- Remaining: 4767
[2024-06-27T15:34:17.555Z] -- Depleting by 1...
[2024-06-27T15:34:17.895Z] -- Remaining: 4767
[2024-06-27T15:34:17.895Z] -- Token replenish detected!
[2024-06-27T15:34:17.895Z] -- Average refill period: 242678.5ms
[2024-06-27T15:34:32.910Z] -- Depleting by 1...
[2024-06-27T15:34:33.248Z] -- Remaining: 4766
[2024-06-27T15:34:48.263Z] -- Depleting by 1...
[2024-06-27T15:34:48.629Z] -- Remaining: 4765
[2024-06-27T15:35:03.645Z] -- Depleting by 1...
[2024-06-27T15:35:03.982Z] -- Remaining: 4764
[2024-06-27T15:35:18.998Z] -- Depleting by 1...
[2024-06-27T15:35:19.348Z] -- Remaining: 4763
[2024-06-27T15:35:34.355Z] -- Depleting by 1...
[2024-06-27T15:35:34.711Z] -- Remaining: 4762
[2024-06-27T15:35:49.727Z] -- Depleting by 1...
[2024-06-27T15:35:50.070Z] -- Remaining: 4761
[2024-06-27T15:36:05.086Z] -- Depleting by 1...
[2024-06-27T15:36:05.459Z] -- Remaining: 4760
[2024-06-27T15:36:20.474Z] -- Depleting by 1...
[2024-06-27T15:36:20.937Z] -- Remaining: 4759
[2024-06-27T15:36:35.945Z] -- Depleting by 1...
[2024-06-27T15:36:36.333Z] -- Remaining: 4758
[2024-06-27T15:36:51.349Z] -- Depleting by 1...
[2024-06-27T15:36:51.723Z] -- Remaining: 4757
[2024-06-27T15:37:06.737Z] -- Depleting by 1...
[2024-06-27T15:37:07.117Z] -- Remaining: 4756
[2024-06-27T15:37:22.131Z] -- Depleting by 1...
[2024-06-27T15:37:22.472Z] -- Remaining: 4755
[2024-06-27T15:37:37.477Z] -- Depleting by 1...
[2024-06-27T15:37:37.825Z] -- Remaining: 4754
[2024-06-27T15:37:52.841Z] -- Depleting by 1...
[2024-06-27T15:37:53.197Z] -- Remaining: 4753
[2024-06-27T15:38:08.212Z] -- Depleting by 1...
[2024-06-27T15:38:08.606Z] -- Remaining: 4753
[2024-06-27T15:38:08.606Z] -- Token replenish detected!
[2024-06-27T15:38:08.606Z] -- Average refill period: 240285ms
[2024-06-27T15:38:23.622Z] -- Depleting by 1...
[2024-06-27T15:38:24.003Z] -- Remaining: 4752
[2024-06-27T15:38:39.018Z] -- Depleting by 1...
[2024-06-27T15:38:39.394Z] -- Remaining: 4751
[2024-06-27T15:38:54.407Z] -- Depleting by 1...
[2024-06-27T15:38:54.767Z] -- Remaining: 4750
[2024-06-27T15:39:09.782Z] -- Depleting by 1...
[2024-06-27T15:39:10.127Z] -- Remaining: 4749
[2024-06-27T15:39:25.143Z] -- Depleting by 1...
[2024-06-27T15:39:25.508Z] -- Remaining: 4748
[2024-06-27T15:39:40.517Z] -- Depleting by 1...
[2024-06-27T15:39:40.857Z] -- Remaining: 4747
[2024-06-27T15:39:55.873Z] -- Depleting by 1...
[2024-06-27T15:39:56.227Z] -- Remaining: 4746
[2024-06-27T15:40:11.243Z] -- Depleting by 1...
[2024-06-27T15:40:11.608Z] -- Remaining: 4745
[2024-06-27T15:40:26.617Z] -- Depleting by 1...
[2024-06-27T15:40:26.977Z] -- Remaining: 4744
[2024-06-27T15:40:41.986Z] -- Depleting by 1...
[2024-06-27T15:40:42.348Z] -- Remaining: 4743
[2024-06-27T15:40:57.364Z] -- Depleting by 1...
[2024-06-27T15:40:57.703Z] -- Remaining: 4742
[2024-06-27T15:41:12.717Z] -- Depleting by 1...
[2024-06-27T15:41:13.054Z] -- Remaining: 4741
[2024-06-27T15:41:28.070Z] -- Depleting by 1...
[2024-06-27T15:41:28.420Z] -- Remaining: 4740
[2024-06-27T15:41:43.436Z] -- Depleting by 1...
[2024-06-27T15:41:43.820Z] -- Remaining: 4739
[2024-06-27T15:41:58.836Z] -- Depleting by 1...
[2024-06-27T15:41:59.197Z] -- Remaining: 4738
[2024-06-27T15:42:14.213Z] -- Depleting by 1...
[2024-06-27T15:42:14.578Z] -- Remaining: 4738
[2024-06-27T15:42:14.578Z] -- Token replenish detected!
[2024-06-27T15:42:14.578Z] -- Average refill period: 241232.83333333334ms
[2024-06-27T15:42:29.594Z] -- Depleting by 1...
[2024-06-27T15:42:29.957Z] -- Remaining: 4737
[2024-06-27T15:42:44.973Z] -- Depleting by 1...
[2024-06-27T15:42:45.333Z] -- Remaining: 4736
[2024-06-27T15:43:00.349Z] -- Depleting by 1...
[2024-06-27T15:43:00.728Z] -- Remaining: 4735
[2024-06-27T15:43:15.744Z] -- Depleting by 1...
[2024-06-27T15:43:16.115Z] -- Remaining: 4734
[2024-06-27T15:43:31.130Z] -- Depleting by 1...
[2024-06-27T15:43:31.486Z] -- Remaining: 4733
[2024-06-27T15:43:46.500Z] -- Depleting by 1...
[2024-06-27T15:43:46.861Z] -- Remaining: 4732
[2024-06-27T15:44:01.876Z] -- Depleting by 1...
[2024-06-27T15:44:02.239Z] -- Remaining: 4731
[2024-06-27T15:44:17.255Z] -- Depleting by 1...
[2024-06-27T15:44:17.638Z] -- Remaining: 4730
[2024-06-27T15:44:32.647Z] -- Depleting by 1...
[2024-06-27T15:44:33.032Z] -- Remaining: 4729
[2024-06-27T15:44:48.048Z] -- Depleting by 1...
[2024-06-27T15:44:48.398Z] -- Remaining: 4728
[2024-06-27T15:45:03.400Z] -- Depleting by 1...
[2024-06-27T15:45:03.728Z] -- Remaining: 4727
[2024-06-27T15:45:18.742Z] -- Depleting by 1...
[2024-06-27T15:45:19.120Z] -- Remaining: 4726
[2024-06-27T15:45:34.134Z] -- Depleting by 1...
[2024-06-27T15:45:34.496Z] -- Remaining: 4725
[2024-06-27T15:45:49.512Z] -- Depleting by 1...
[2024-06-27T15:45:49.861Z] -- Remaining: 4724
[2024-06-27T15:46:04.877Z] -- Depleting by 1...
[2024-06-27T15:46:05.237Z] -- Remaining: 4724
[2024-06-27T15:46:05.237Z] -- Token replenish detected!
[2024-06-27T15:46:05.238Z] -- Average refill period: 239722.42857142858ms
[2024-06-27T15:46:20.252Z] -- Depleting by 1...
[2024-06-27T15:46:22.903Z] -- Remaining: 4723
[2024-06-27T15:46:37.918Z] -- Depleting by 1...
[2024-06-27T15:46:38.251Z] -- Remaining: 4722
[2024-06-27T15:46:53.265Z] -- Depleting by 1...
[2024-06-27T15:46:53.612Z] -- Remaining: 4721
[2024-06-27T15:47:08.627Z] -- Depleting by 1...
[2024-06-27T15:47:08.976Z] -- Remaining: 4720
[2024-06-27T15:47:23.991Z] -- Depleting by 1...
[2024-06-27T15:47:24.355Z] -- Remaining: 4719
[2024-06-27T15:47:39.371Z] -- Depleting by 1...
[2024-06-27T15:47:39.737Z] -- Remaining: 4718
[2024-06-27T15:47:54.751Z] -- Depleting by 1...
[2024-06-27T15:47:55.106Z] -- Remaining: 4717
[2024-06-27T15:48:10.121Z] -- Depleting by 1...
[2024-06-27T15:48:10.469Z] -- Remaining: 4716
[2024-06-27T15:48:25.477Z] -- Depleting by 1...
[2024-06-27T15:48:25.865Z] -- Remaining: 4715
[2024-06-27T15:48:40.881Z] -- Depleting by 1...
[2024-06-27T15:48:41.261Z] -- Remaining: 4714
[2024-06-27T15:48:56.277Z] -- Depleting by 1...
[2024-06-27T15:48:56.910Z] -- Remaining: 4713
[2024-06-27T15:49:11.925Z] -- Depleting by 1...
[2024-06-27T15:49:12.266Z] -- Remaining: 4712
[2024-06-27T15:49:27.282Z] -- Depleting by 1...
[2024-06-27T15:49:27.637Z] -- Remaining: 4711
[2024-06-27T15:49:42.653Z] -- Depleting by 1...
[2024-06-27T15:49:43.007Z] -- Remaining: 4710
[2024-06-27T15:49:58.017Z] -- Depleting by 1...
[2024-06-27T15:49:58.359Z] -- Remaining: 4709
[2024-06-27T15:50:13.375Z] -- Depleting by 1...
[2024-06-27T15:50:13.730Z] -- Remaining: 4709
[2024-06-27T15:50:13.730Z] -- Token replenish detected!
[2024-06-27T15:50:13.730Z] -- Average refill period: 240818.625ms
[2024-06-27T15:50:28.744Z] -- Depleting by 1...
[2024-06-27T15:50:29.101Z] -- Remaining: 4708
[2024-06-27T15:50:44.107Z] -- Depleting by 1...
[2024-06-27T15:50:44.465Z] -- Remaining: 4707
[2024-06-27T15:50:59.480Z] -- Depleting by 1...
[2024-06-27T15:50:59.846Z] -- Remaining: 4706
[2024-06-27T15:51:14.855Z] -- Depleting by 1...
[2024-06-27T15:51:15.207Z] -- Remaining: 4705
[2024-06-27T15:51:30.223Z] -- Depleting by 1...
[2024-06-27T15:51:30.620Z] -- Remaining: 4704
[2024-06-27T15:51:45.634Z] -- Depleting by 1...
[2024-06-27T15:51:46.044Z] -- Remaining: 4703
[2024-06-27T15:52:01.060Z] -- Depleting by 1...
[2024-06-27T15:52:01.407Z] -- Remaining: 4702
[2024-06-27T15:52:16.422Z] -- Depleting by 1...
[2024-06-27T15:52:16.771Z] -- Remaining: 4701
[2024-06-27T15:52:31.787Z] -- Depleting by 1...
[2024-06-27T15:52:32.167Z] -- Remaining: 4700
[2024-06-27T15:52:47.169Z] -- Depleting by 1...
[2024-06-27T15:52:47.521Z] -- Remaining: 4699
[2024-06-27T15:53:02.521Z] -- Depleting by 1...
[2024-06-27T15:53:02.900Z] -- Remaining: 4698
[2024-06-27T15:53:17.901Z] -- Depleting by 1...
[2024-06-27T15:53:18.265Z] -- Remaining: 4697
[2024-06-27T15:53:33.280Z] -- Depleting by 1...
[2024-06-27T15:53:33.651Z] -- Remaining: 4696
[2024-06-27T15:53:48.667Z] -- Depleting by 1...
[2024-06-27T15:53:49.064Z] -- Remaining: 4695
[2024-06-27T15:54:04.078Z] -- Depleting by 1...
[2024-06-27T15:54:04.445Z] -- Remaining: 4694
[2024-06-27T15:54:19.457Z] -- Depleting by 1...
[2024-06-27T15:54:19.805Z] -- Remaining: 4694
[2024-06-27T15:54:19.805Z] -- Token replenish detected!
[2024-06-27T15:54:19.805Z] -- Average refill period: 241402.66666666666ms
[2024-06-27T15:54:19.805Z] -- Reached 10 refill periods, ending test
[2024-06-27T15:54:19.805Z] -- Finished testing
[2024-06-28T15:06:32.390Z] -- Beginning test
[2024-06-28T15:06:32.393Z] -- Testing refill period for QgDSlrALz1lH1bzkBEVkr4LNLlKbqcLd4TXBx6QJ
[2024-06-28T15:06:32.393Z] -- Counting 5 refill periods
[2024-06-28T15:06:32.393Z] -- Waiting 15000ms between requests
[2024-06-28T15:06:32.393Z] -- Depleting by 10 initially
[2024-06-28T15:06:35.939Z] -- Initial budget: 4861
[2024-06-28T15:06:35.939Z] -- Starting monitor...
[2024-06-28T15:06:36.306Z] -- Remaining: 4860
[2024-06-28T15:06:51.642Z] -- Remaining: 4859
[2024-06-28T15:07:07.078Z] -- Remaining: 4859
[2024-06-28T15:07:07.078Z] -- Token replenish detected!
[2024-06-28T15:07:22.430Z] -- Remaining: 4858
[2024-06-28T15:07:37.791Z] -- Remaining: 4858
[2024-06-28T15:07:37.791Z] -- Token replenish detected!
[2024-06-28T15:07:37.791Z] -- Average refill period: 30713ms
[2024-06-28T15:07:53.181Z] -- Remaining: 4857
[2024-06-28T15:08:08.554Z] -- Remaining: 4857
[2024-06-28T15:08:08.554Z] -- Token replenish detected!
[2024-06-28T15:08:08.554Z] -- Average refill period: 30738ms
[2024-06-28T15:08:23.929Z] -- Remaining: 4856
[2024-06-28T15:08:41.442Z] -- Remaining: 4856
[2024-06-28T15:08:41.442Z] -- Token replenish detected!
[2024-06-28T15:08:41.443Z] -- Average refill period: 31455ms
[2024-06-28T15:08:56.795Z] -- Remaining: 4855
[2024-06-28T15:09:12.157Z] -- Remaining: 4855
[2024-06-28T15:09:12.157Z] -- Token replenish detected!
[2024-06-28T15:09:12.157Z] -- Average refill period: 31269.75ms
[2024-06-28T15:09:12.158Z] -- Reached 5 refill periods, ending test
[2024-06-28T15:09:12.158Z] -- Finished testing
[2024-06-28T15:26:43.727Z] -- -----------------------------------
[2024-06-28T15:26:43.728Z] -- -----------------------------------
[2024-06-28T15:26:43.729Z] -- Beginning test
[2024-06-28T15:26:43.729Z] -- SINGLE KEY TESTING
[2024-06-28T15:26:43.729Z] -- Testing refill period for QgDSlrALz1lH1bzkBEVkr4LNLlKbqcLd4TXBx6QJ
[2024-06-28T15:26:43.729Z] -- Counting 5 refill periods
[2024-06-28T15:26:43.729Z] -- Waiting 5000ms between requests
[2024-06-28T15:26:43.729Z] -- Depleting by 10 initially
[2024-06-28T15:26:49.302Z] -- Initial budget: 4827
[2024-06-28T15:26:49.303Z] -- Starting monitor...
[2024-06-28T15:26:49.639Z] -- Remaining: 4826
[2024-06-28T15:26:54.985Z] -- Remaining: 4825
[2024-06-28T15:27:00.317Z] -- Remaining: 4824
[2024-06-28T15:27:05.644Z] -- Remaining: 4824
[2024-06-28T15:27:05.644Z] -- Token replenish detected!
[2024-06-28T15:27:10.980Z] -- Remaining: 4823
[2024-06-28T15:27:16.331Z] -- Remaining: 4822
[2024-06-28T15:27:21.686Z] -- Remaining: 4821
[2024-06-28T15:27:27.045Z] -- Remaining: 4820
[2024-06-28T15:27:32.414Z] -- Remaining: 4819
[2024-06-28T15:27:37.769Z] -- Remaining: 4819
[2024-06-28T15:27:37.769Z] -- Token replenish detected!
[2024-06-28T15:27:37.769Z] -- Average refill period: 32124ms
[2024-06-28T15:27:43.107Z] -- Remaining: 4818
[2024-06-28T15:27:48.493Z] -- Remaining: 4817
[2024-06-28T15:27:53.871Z] -- Remaining: 4816
[2024-06-28T15:27:59.209Z] -- Remaining: 4815
[2024-06-28T15:28:04.603Z] -- Remaining: 4815
[2024-06-28T15:28:04.603Z] -- Token replenish detected!
[2024-06-28T15:28:04.603Z] -- Average refill period: 29479ms
[2024-06-28T15:28:09.949Z] -- Remaining: 4814
[2024-06-28T15:28:15.488Z] -- Remaining: 4813
[2024-06-28T15:28:20.838Z] -- Remaining: 4812
[2024-06-28T15:28:26.173Z] -- Remaining: 4811
[2024-06-28T15:28:31.531Z] -- Remaining: 4810
[2024-06-28T15:28:36.864Z] -- Remaining: 4810
[2024-06-28T15:28:36.864Z] -- Token replenish detected!
[2024-06-28T15:28:36.865Z] -- Average refill period: 30406.666666666668ms
[2024-06-28T15:28:42.206Z] -- Remaining: 4809
[2024-06-28T15:28:47.567Z] -- Remaining: 4808
[2024-06-28T15:28:52.919Z] -- Remaining: 4807
[2024-06-28T15:28:58.293Z] -- Remaining: 4806
[2024-06-28T15:29:03.616Z] -- Remaining: 4806
[2024-06-28T15:29:03.616Z] -- Token replenish detected!
[2024-06-28T15:29:03.616Z] -- Average refill period: 29492.75ms
[2024-06-28T15:29:03.617Z] -- Reached 5 refill periods, ending test
[2024-06-28T15:29:03.617Z] -- Finished testing
[2024-06-28T15:29:03.617Z] -- -----------------------------------
[2024-06-28T15:29:03.617Z] -- -----------------------------------
